<?xml version="1.0" encoding="utf-8"?><testsuites><testsuite name="pytest" errors="0" failures="0" skipped="0" tests="31" time="0.107" timestamp="2025-11-20T16:43:57.027288" hostname="DESKTOP-RBJHVLI"><testcase classname="test.test_functional_system.TestCompleteUserJourney" name="test_trader_registration_to_purchase" time="0.002" /><testcase classname="test.test_functional_system.TestCompleteUserJourney" name="test_supplier_product_creation_to_sale" time="0.001" /><testcase classname="test.test_functional_system.TestCompleteUserJourney" name="test_admin_moderation_workflow" time="0.001" /><testcase classname="test.test_functional_system.TestGroupBuyLifecycle" name="test_group_creation_to_completion" time="0.001" /><testcase classname="test.test_functional_system.TestGroupBuyLifecycle" name="test_group_with_insufficient_participants" time="0.001" /><testcase classname="test.test_functional_system.TestGroupBuyLifecycle" name="test_group_target_achievement" time="0.000" /><testcase classname="test.test_functional_system.TestGroupBuyLifecycle" name="test_payment_collection" time="0.000" /><testcase classname="test.test_functional_system.TestPaymentWorkflow" name="test_payment_initiation_to_confirmation" time="0.001" /><testcase classname="test.test_functional_system.TestPaymentWorkflow" name="test_failed_payment_handling" time="0.002" /><testcase classname="test.test_functional_system.TestPaymentWorkflow" name="test_payment_refund_workflow" time="0.001" /><testcase classname="test.test_functional_system.TestPaymentWorkflow" name="test_bulk_payment_processing" time="0.001" /><testcase classname="test.test_functional_system.TestAdminOperations" name="test_admin_group_creation" time="0.000" /><testcase classname="test.test_functional_system.TestAdminOperations" name="test_admin_user_management" time="0.001" /><testcase classname="test.test_functional_system.TestAdminOperations" name="test_admin_analytics_access" time="0.001" /><testcase classname="test.test_functional_system.TestAdminOperations" name="test_admin_qr_code_scanning" time="0.001" /><testcase classname="test.test_functional_system.TestRecommendationSystem" name="test_recommendation_accuracy" time="0.001" /><testcase classname="test.test_functional_system.TestRecommendationSystem" name="test_cold_start_recommendations" time="0.002" /><testcase classname="test.test_functional_system.TestRecommendationSystem" name="test_personalized_recommendations" time="0.000" /><testcase classname="test.test_functional_system.TestRecommendationSystem" name="test_recommendation_diversity" time="0.000" /><testcase classname="test.test_functional_system.TestSystemPerformance" name="test_concurrent_user_handling" time="0.000" /><testcase classname="test.test_functional_system.TestSystemPerformance" name="test_database_query_performance" time="0.001" /><testcase classname="test.test_functional_system.TestSystemPerformance" name="test_api_response_time" time="0.000" /><testcase classname="test.test_functional_system.TestSystemPerformance" name="test_large_dataset_handling" time="0.000" /><testcase classname="test.test_functional_system.TestSecurityFeatures" name="test_authentication_required" time="0.000" /><testcase classname="test.test_functional_system.TestSecurityFeatures" name="test_role_based_access_control" time="0.000" /><testcase classname="test.test_functional_system.TestSecurityFeatures" name="test_data_encryption" time="0.002" /><testcase classname="test.test_functional_system.TestSecurityFeatures" name="test_sql_injection_prevention" time="0.001" /><testcase classname="test.test_functional_system.TestErrorHandling" name="test_invalid_input_handling" time="0.000" /><testcase classname="test.test_functional_system.TestErrorHandling" name="test_network_failure_recovery" time="0.000" /><testcase classname="test.test_functional_system.TestErrorHandling" name="test_payment_failure_rollback" time="0.000" /><testcase classname="test.test_functional_system.TestErrorHandling" name="test_error_logging" time="0.000" /></testsuite></testsuites>