<?xml version="1.0" encoding="utf-8"?><testsuites><testsuite name="pytest" errors="0" failures="0" skipped="0" tests="27" time="0.088" timestamp="2025-11-20T16:30:04.621462" hostname="DESKTOP-RBJHVLI"><testcase classname="test.test_integration.TestAuthenticationIntegration" name="test_user_registration_flow" time="0.001" /><testcase classname="test.test_integration.TestAuthenticationIntegration" name="test_user_login_flow" time="0.002" /><testcase classname="test.test_integration.TestAuthenticationIntegration" name="test_token_generation" time="0.001" /><testcase classname="test.test_integration.TestAuthenticationIntegration" name="test_password_hashing" time="0.000" /><testcase classname="test.test_integration.TestGroupBuyIntegration" name="test_create_group_buy" time="0.001" /><testcase classname="test.test_integration.TestGroupBuyIntegration" name="test_list_group_buys" time="0.001" /><testcase classname="test.test_integration.TestGroupBuyIntegration" name="test_join_group_buy" time="0.001" /><testcase classname="test.test_integration.TestGroupBuyIntegration" name="test_group_buy_status_update" time="0.000" /><testcase classname="test.test_integration.TestProductIntegration" name="test_create_product" time="0.000" /><testcase classname="test.test_integration.TestProductIntegration" name="test_list_products" time="0.000" /><testcase classname="test.test_integration.TestProductIntegration" name="test_search_products" time="0.001" /><testcase classname="test.test_integration.TestProductIntegration" name="test_filter_by_category" time="0.003" /><testcase classname="test.test_integration.TestPaymentIntegration" name="test_initiate_payment" time="0.000" /><testcase classname="test.test_integration.TestPaymentIntegration" name="test_payment_callback" time="0.000" /><testcase classname="test.test_integration.TestPaymentIntegration" name="test_payment_verification" time="0.000" /><testcase classname="test.test_integration.TestPaymentIntegration" name="test_refund_processing" time="0.000" /><testcase classname="test.test_integration.TestDatabaseIntegration" name="test_database_connection" time="0.000" /><testcase classname="test.test_integration.TestDatabaseIntegration" name="test_user_crud_operations" time="0.000" /><testcase classname="test.test_integration.TestDatabaseIntegration" name="test_transaction_integrity" time="0.000" /><testcase classname="test.test_integration.TestDatabaseIntegration" name="test_data_relationships" time="0.000" /><testcase classname="test.test_integration.TestRecommendationIntegration" name="test_get_personalized_recommendations" time="0.000" /><testcase classname="test.test_integration.TestRecommendationIntegration" name="test_collaborative_filtering" time="0.000" /><testcase classname="test.test_integration.TestRecommendationIntegration" name="test_content_based_filtering" time="0.002" /><testcase classname="test.test_integration.TestRecommendationIntegration" name="test_hybrid_model" time="0.001" /><testcase classname="test.test_integration.TestNotificationIntegration" name="test_email_notification" time="0.001" /><testcase classname="test.test_integration.TestNotificationIntegration" name="test_push_notification" time="0.000" /><testcase classname="test.test_integration.TestNotificationIntegration" name="test_notification_preferences" time="0.000" /></testsuite></testsuites>