<?xml version="1.0" encoding="utf-8"?><testsuites><testsuite name="pytest" errors="0" failures="0" skipped="0" tests="37" time="2.503" timestamp="2025-11-20T16:09:50.565001" hostname="DESKTOP-RBJHVLI"><testcase classname="test.test_unit_tests.TestUserModel" name="test_trader_creation" time="0.168" /><testcase classname="test.test_unit_tests.TestUserModel" name="test_supplier_creation" time="0.029" /><testcase classname="test.test_unit_tests.TestUserModel" name="test_admin_creation" time="0.030" /><testcase classname="test.test_unit_tests.TestUserModel" name="test_user_preferences" time="0.030" /><testcase classname="test.test_unit_tests.TestUserModel" name="test_notification_settings" time="0.031" /><testcase classname="test.test_unit_tests.TestProductModel" name="test_product_creation" time="0.035" /><testcase classname="test.test_unit_tests.TestProductModel" name="test_savings_factor_calculation" time="0.029" /><testcase classname="test.test_unit_tests.TestProductModel" name="test_savings_factor_zero_price" time="0.032" /><testcase classname="test.test_unit_tests.TestGroupBuyModel" name="test_group_buy_creation" time="0.041" /><testcase classname="test.test_unit_tests.TestGroupBuyModel" name="test_group_buy_relationships" time="0.050" /><testcase classname="test.test_unit_tests.TestAdminGroupModel" name="test_admin_group_creation" time="0.040" /><testcase classname="test.test_unit_tests.TestAdminGroupModel" name="test_admin_group_discount_calculation" time="0.040" /><testcase classname="test.test_unit_tests.TestContributionModel" name="test_contribution_creation_with_paid_amount" time="0.052" /><testcase classname="test.test_unit_tests.TestContributionModel" name="test_contribution_is_fully_paid_flag" time="0.046" /><testcase classname="test.test_unit_tests.TestTransactionModel" name="test_transaction_creation_with_location" time="0.049" /><testcase classname="test.test_unit_tests.TestEmailService" name="test_initialization_simulation_mode" time="0.002" /><testcase classname="test.test_unit_tests.TestEmailService" name="test_send_email_simulation_mode" time="0.001" /><testcase classname="test.test_unit_tests.TestEmailService" name="test_send_group_deletion_notification_template" time="0.001" /><testcase classname="test.test_unit_tests.TestEmailService" name="test_send_refund_confirmation_template" time="0.004" /><testcase classname="test.test_unit_tests.TestEmailService" name="test_send_email_production_mode" time="0.005" /><testcase classname="test.test_unit_tests.TestRefundService" name="test_initiate_refund_simulation_mode" time="0.002" /><testcase classname="test.test_unit_tests.TestRefundService" name="test_initiate_refund_with_api" time="0.003" /><testcase classname="test.test_unit_tests.TestRefundService" name="test_process_group_refunds_with_contributions" time="0.071" /><testcase classname="test.test_unit_tests.TestRefundService" name="test_process_admin_group_refunds" time="0.053" /><testcase classname="test.test_unit_tests.TestQRCodeService" name="test_generate_verification_token" time="0.001" /><testcase classname="test.test_unit_tests.TestQRCodeService" name="test_generate_qr_code_creates_token_and_expiry" time="0.038" /><testcase classname="test.test_unit_tests.TestQRCodeService" name="test_verify_qr_token_invalid" time="0.029" /><testcase classname="test.test_unit_tests.TestGroupCompletionLogic" name="test_admin_group_completion_by_quantity" time="0.045" /><testcase classname="test.test_unit_tests.TestGroupCompletionLogic" name="test_group_buy_completion_logic" time="0.038" /><testcase classname="test.test_unit_tests.TestPaymentCalculations" name="test_platform_fee_calculation" time="0.001" /><testcase classname="test.test_unit_tests.TestPaymentCalculations" name="test_supplier_payout_calculation" time="0.001" /><testcase classname="test.test_unit_tests.TestPaymentCalculations" name="test_bulk_savings_calculation" time="0.028" /><testcase classname="test.test_unit_tests.TestUserPermissions" name="test_admin_permission_check" time="0.029" /><testcase classname="test.test_unit_tests.TestUserPermissions" name="test_supplier_permission_check" time="0.033" /><testcase classname="test.test_unit_tests.TestUserPermissions" name="test_trader_is_default" time="0.039" /><testcase classname="test.test_unit_tests.TestOrderWorkflow" name="test_supplier_order_xor_constraint" time="0.038" /><testcase classname="test.test_unit_tests.TestOrderWorkflow" name="test_supplier_payment_with_platform_fee" time="0.032" /></testsuite></testsuites>