<?xml version="1.0" encoding="utf-8"?><testsuites><testsuite name="pytest" errors="0" failures="0" skipped="0" tests="36" time="0.139" timestamp="2025-11-20T15:56:59.615696" hostname="DESKTOP-RBJHVLI"><testcase classname="test.test_payment_logic.TestPaymentInitialization" name="test_payment_amount_validation" time="0.001" /><testcase classname="test.test_payment_logic.TestPaymentInitialization" name="test_payment_reference_generation" time="0.001" /><testcase classname="test.test_payment_logic.TestPaymentInitialization" name="test_payment_customer_email_required" time="0.001" /><testcase classname="test.test_payment_logic.TestPaymentInitialization" name="test_payment_currency_validation" time="0.000" /><testcase classname="test.test_payment_logic.TestPaymentInitialization" name="test_payment_redirect_url_format" time="0.001" /><testcase classname="test.test_payment_logic.TestPaymentVerification" name="test_transaction_id_required" time="0.001" /><testcase classname="test.test_payment_logic.TestPaymentVerification" name="test_payment_status_validation" time="0.000" /><testcase classname="test.test_payment_logic.TestPaymentVerification" name="test_amount_verification_match" time="0.001" /><testcase classname="test.test_payment_logic.TestPaymentVerification" name="test_verification_response_structure" time="0.002" /><testcase classname="test.test_payment_logic.TestFeeCalculation" name="test_fee_calculation_accuracy" time="0.001" /><testcase classname="test.test_payment_logic.TestFeeCalculation" name="test_fee_calculation_for_various_amounts" time="0.000" /><testcase classname="test.test_payment_logic.TestFeeCalculation" name="test_fee_is_positive" time="0.000" /><testcase classname="test.test_payment_logic.TestFeeCalculation" name="test_fee_less_than_amount" time="0.001" /><testcase classname="test.test_payment_logic.TestBankTransfer" name="test_transfer_amount_positive" time="0.001" /><testcase classname="test.test_payment_logic.TestBankTransfer" name="test_account_number_format" time="0.001" /><testcase classname="test.test_payment_logic.TestBankTransfer" name="test_bank_code_validation" time="0.001" /><testcase classname="test.test_payment_logic.TestBankTransfer" name="test_transfer_narration_required" time="0.001" /><testcase classname="test.test_payment_logic.TestBankTransfer" name="test_beneficiary_name_required" time="0.000" /><testcase classname="test.test_payment_logic.TestPaymentCallback" name="test_callback_transaction_id_present" time="0.001" /><testcase classname="test.test_payment_logic.TestPaymentCallback" name="test_callback_status_validation" time="0.001" /><testcase classname="test.test_payment_logic.TestPaymentCallback" name="test_callback_tx_ref_match" time="0.001" /><testcase classname="test.test_payment_logic.TestPaymentSecurity" name="test_api_key_present" time="0.000" /><testcase classname="test.test_payment_logic.TestPaymentSecurity" name="test_webhook_signature_validation" time="0.000" /><testcase classname="test.test_payment_logic.TestPaymentSecurity" name="test_payment_idempotency" time="0.001" /><testcase classname="test.test_payment_logic.TestSupplierPayout" name="test_payout_calculation_with_fee" time="0.001" /><testcase classname="test.test_payment_logic.TestSupplierPayout" name="test_payout_positive_after_fees" time="0.001" /><testcase classname="test.test_payment_logic.TestSupplierPayout" name="test_minimum_payout_threshold" time="0.000" /><testcase classname="test.test_payment_logic.TestSupplierPayout" name="test_payout_status_tracking" time="0.001" /><testcase classname="test.test_payment_logic.TestRefundLogic" name="test_refund_eligibility" time="0.001" /><testcase classname="test.test_payment_logic.TestRefundLogic" name="test_refund_amount_equals_payment" time="0.000" /><testcase classname="test.test_payment_logic.TestRefundLogic" name="test_refund_window_validation" time="0.000" /><testcase classname="test.test_payment_logic.TestRefundLogic" name="test_refund_status_values" time="0.001" /><testcase classname="test.test_payment_logic.TestPaymentValidation" name="test_amount_not_negative" time="0.001" /><testcase classname="test.test_payment_logic.TestPaymentValidation" name="test_amount_not_zero" time="0.001" /><testcase classname="test.test_payment_logic.TestPaymentValidation" name="test_amount_decimal_places" time="0.000" /><testcase classname="test.test_payment_logic.TestPaymentValidation" name="test_email_format_validation" time="0.001" /></testsuite></testsuites>