<?xml version="1.0" encoding="utf-8"?><testsuites><testsuite name="pytest" errors="0" failures="0" skipped="0" tests="18" time="0.084" timestamp="2025-11-20T15:48:59.273008" hostname="DESKTOP-RBJHVLI"><testcase classname="test.test_validation.TestInputValidation" name="test_email_format_validation" time="0.001" /><testcase classname="test.test_validation.TestInputValidation" name="test_password_strength_validation" time="0.001" /><testcase classname="test.test_validation.TestInputValidation" name="test_price_validation" time="0.001" /><testcase classname="test.test_validation.TestInputValidation" name="test_quantity_validation" time="0.001" /><testcase classname="test.test_validation.TestInputValidation" name="test_date_range_validation" time="0.000" /><testcase classname="test.test_validation.TestDataValidation" name="test_user_role_validation" time="0.000" /><testcase classname="test.test_validation.TestDataValidation" name="test_product_price_constraints" time="0.000" /><testcase classname="test.test_validation.TestDataValidation" name="test_group_buy_amount_limits" time="0.000" /><testcase classname="test.test_validation.TestDataValidation" name="test_contribution_amount_validation" time="0.000" /><testcase classname="test.test_validation.TestBusinessRuleValidation" name="test_discount_calculation_validation" time="0.002" /><testcase classname="test.test_validation.TestBusinessRuleValidation" name="test_minimum_order_value_validation" time="0.001" /><testcase classname="test.test_validation.TestBusinessRuleValidation" name="test_refund_eligibility_validation" time="0.000" /><testcase classname="test.test_validation.TestBusinessRuleValidation" name="test_group_completion_threshold_validation" time="0.000" /><testcase classname="test.test_validation.TestBusinessRuleValidation" name="test_savings_calculation_validation" time="0.000" /><testcase classname="test.test_validation.TestSecurityValidation" name="test_admin_authorization_validation" time="0.002" /><testcase classname="test.test_validation.TestSecurityValidation" name="test_supplier_resource_access_validation" time="0.001" /><testcase classname="test.test_validation.TestSecurityValidation" name="test_payment_verification_validation" time="0.002" /><testcase classname="test.test_validation.TestSecurityValidation" name="test_token_expiry_validation" time="0.001" /></testsuite></testsuites>